[2022-09-07T11:02:57.739410+00:00] flutterwave/rave.NOTICE: Generating Reference Number.... [] []
[2022-09-07T11:02:57.741807+00:00] flutterwave/rave.NOTICE: Generated Reference Number....RV_63187a61b516e [] []
[2022-09-07T11:02:57.742044+00:00] flutterwave/rave.NOTICE: Rave Class Initializes.... [] []
[2022-09-07T11:02:57.743518+00:00] flutterwave/rave.NOTICE: Generating Checksum.... [] []
[2022-09-07T11:05:56.164483+00:00] flutterwave/rave.NOTICE: Generating Reference Number.... [] []
[2022-09-07T11:05:56.168413+00:00] flutterwave/rave.NOTICE: Generated Reference Number....RV_63187b142917d [] []
[2022-09-07T11:05:56.176703+00:00] flutterwave/rave.NOTICE: Rave Class Initializes.... [] []
[2022-09-07T11:05:56.232151+00:00] flutterwave/rave.NOTICE: Payment was canceled by user..RV_63187b142917d [] []
[2022-09-07T12:07:54.805008+00:00] flutterwave/rave.NOTICE: Generating Reference Number.... [] []
[2022-09-07T12:07:54.810315+00:00] flutterwave/rave.NOTICE: Generated Reference Number....RV_6318899ac5d2f [] []
[2022-09-07T12:07:54.810519+00:00] flutterwave/rave.NOTICE: Rave Class Initializes.... [] []
[2022-09-07T12:07:54.813086+00:00] flutterwave/rave.NOTICE: Generating Checksum.... [] []
[2022-09-07T12:08:25.610758+00:00] flutterwave/rave.NOTICE: Generating Reference Number.... [] []
[2022-09-07T12:08:25.614564+00:00] flutterwave/rave.NOTICE: Generated Reference Number....RV_631889b996087 [] []
[2022-09-07T12:08:25.614678+00:00] flutterwave/rave.NOTICE: Rave Class Initializes.... [] []
[2022-09-07T12:08:25.615084+00:00] flutterwave/rave.NOTICE: Payment was canceled by user..RV_631889b996087 [] []
[2022-09-07T12:14:24.482443+00:00] flutterwave/rave.NOTICE: Generating Reference Number.... [] []
[2022-09-07T12:14:24.484882+00:00] flutterwave/rave.NOTICE: Generated Reference Number....RV_63188b20765fd [] []
[2022-09-07T12:14:24.485042+00:00] flutterwave/rave.NOTICE: Rave Class Initializes.... [] []
[2022-09-07T12:14:24.485442+00:00] flutterwave/rave.NOTICE: Generating Checksum.... [] []
[2022-09-07T12:14:51.473012+00:00] flutterwave/rave.NOTICE: Generating Reference Number.... [] []
[2022-09-07T12:14:51.473994+00:00] flutterwave/rave.NOTICE: Generated Reference Number....RV_63188b3b73b6b [] []
[2022-09-07T12:14:51.474096+00:00] flutterwave/rave.NOTICE: Rave Class Initializes.... [] []
[2022-09-07T12:14:51.474398+00:00] flutterwave/rave.NOTICE: Payment was canceled by user..RV_63188b3b73b6b [] []
[2022-09-07T13:12:36.763092+00:00] flutterwave/rave.NOTICE: Generating Reference Number.... [] []
[2022-09-07T13:12:36.768793+00:00] flutterwave/rave.NOTICE: Generated Reference Number....RV_631898c4bbafd [] []
[2022-09-07T13:12:36.768905+00:00] flutterwave/rave.NOTICE: Rave Class Initializes.... [] []
[2022-09-07T13:12:36.769739+00:00] flutterwave/rave.NOTICE: Generating Checksum.... [] []
[2022-09-07T13:13:24.716698+00:00] flutterwave/rave.NOTICE: Generating Reference Number.... [] []
[2022-09-07T13:13:24.717656+00:00] flutterwave/rave.NOTICE: Generated Reference Number....RV_631898f4af349 [] []
[2022-09-07T13:13:24.717745+00:00] flutterwave/rave.NOTICE: Rave Class Initializes.... [] []
[2022-09-07T13:14:04.088191+00:00] flutterwave/rave.NOTICE: Generating Reference Number.... [] []
[2022-09-07T13:14:04.088729+00:00] flutterwave/rave.NOTICE: Generated Reference Number....RV_6318991c15a8e [] []
[2022-09-07T13:14:04.088813+00:00] flutterwave/rave.NOTICE: Rave Class Initializes.... [] []
[2022-09-07T13:14:04.089100+00:00] flutterwave/rave.NOTICE: Payment was canceled by user..RV_6318991c15a8e [] []
[2022-09-07T13:18:26.543055+00:00] flutterwave/rave.NOTICE: Generating Reference Number.... [] []
[2022-09-07T13:18:26.546559+00:00] flutterwave/rave.NOTICE: Generated Reference Number....RV_63189a22856df [] []
[2022-09-07T13:18:26.546747+00:00] flutterwave/rave.NOTICE: Rave Class Initializes.... [] []
[2022-09-07T13:18:26.548850+00:00] flutterwave/rave.NOTICE: Generating Checksum.... [] []
[2022-09-07T13:19:29.545008+00:00] flutterwave/rave.NOTICE: Generating Reference Number.... [] []
[2022-09-07T13:19:29.548700+00:00] flutterwave/rave.NOTICE: Generated Reference Number....RV_63189a6185f32 [] []
[2022-09-07T13:19:29.549355+00:00] flutterwave/rave.NOTICE: Rave Class Initializes.... [] []
[2022-09-07T13:19:29.550540+00:00] flutterwave/rave.NOTICE: Payment was canceled by user..RV_63189a6185f32 [] []
[2022-09-07T16:08:00.730153+00:00] flutterwave/rave.NOTICE: Generating Reference Number.... [] []
[2022-09-07T16:08:00.735381+00:00] flutterwave/rave.NOTICE: Generated Reference Number....RV_6318c1e0b387e [] []
[2022-09-07T16:08:00.735501+00:00] flutterwave/rave.NOTICE: Rave Class Initializes.... [] []
[2022-09-07T16:08:00.737543+00:00] flutterwave/rave.NOTICE: Generating Checksum.... [] []
[2022-09-07T16:08:52.048282+00:00] flutterwave/rave.NOTICE: Generating Reference Number.... [] []
[2022-09-07T16:08:52.053072+00:00] flutterwave/rave.NOTICE: Generated Reference Number....RV_6318c2140cf1c [] []
[2022-09-07T16:08:52.053288+00:00] flutterwave/rave.NOTICE: Rave Class Initializes.... [] []
[2022-09-07T16:08:52.056413+00:00] flutterwave/rave.NOTICE: Payment was canceled by user..RV_6318c2140cf1c [] []
[2022-09-07T16:32:22.049293+00:00] flutterwave/rave.NOTICE: Generating Reference Number.... [] []
[2022-09-07T16:32:22.061425+00:00] flutterwave/rave.NOTICE: Generated Reference Number....RV_6318c7960ef9e [] []
[2022-09-07T16:32:22.061929+00:00] flutterwave/rave.NOTICE: Rave Class Initializes.... [] []
[2022-09-07T16:32:22.068764+00:00] flutterwave/rave.NOTICE: Generating Checksum.... [] []
[2022-09-07T16:40:58.848792+00:00] flutterwave/rave.NOTICE: Generating Reference Number.... [] []
[2022-09-07T16:40:58.862474+00:00] flutterwave/rave.NOTICE: Generated Reference Number....RV_6318c99ad28ec [] []
[2022-09-07T16:40:58.862656+00:00] flutterwave/rave.NOTICE: Rave Class Initializes.... [] []
[2022-09-07T16:40:58.863676+00:00] flutterwave/rave.NOTICE: Payment was canceled by user..RV_6318c99ad28ec [] []
[2022-09-07T20:07:13.020638+00:00] flutterwave/rave.NOTICE: Generating Reference Number.... [] []
[2022-09-07T20:07:13.035376+00:00] flutterwave/rave.NOTICE: Generated Reference Number....RV_6318f9f1089e9 [] []
[2022-09-07T20:07:13.035784+00:00] flutterwave/rave.NOTICE: Rave Class Initializes.... [] []
[2022-09-07T20:07:13.045459+00:00] flutterwave/rave.NOTICE: Generating Checksum.... [] []
[2022-09-07T20:08:39.054734+00:00] flutterwave/rave.NOTICE: Generating Reference Number.... [] []
[2022-09-07T20:08:39.056727+00:00] flutterwave/rave.NOTICE: Generated Reference Number....RV_6318fa470dd74 [] []
[2022-09-07T20:08:39.056995+00:00] flutterwave/rave.NOTICE: Rave Class Initializes.... [] []
[2022-09-07T20:08:39.058901+00:00] flutterwave/rave.NOTICE: Payment completed. Now requerying payment. [] []
[2022-09-07T20:08:39.059328+00:00] flutterwave/rave.NOTICE: Requerying Transaction....3719017 [] []
[2022-09-07T20:48:24.068117+00:00] flutterwave/rave.NOTICE: Generating Reference Number.... [] []
[2022-09-07T20:48:24.080259+00:00] flutterwave/rave.NOTICE: Generated Reference Number.... [] []
[2022-09-07T20:48:24.080612+00:00] flutterwave/rave.NOTICE: Rave Class Initializes.... [] []
[2022-09-07T20:48:24.090640+00:00] flutterwave/rave.NOTICE: Generating Checksum.... [] []
[2022-09-07T20:49:06.217151+00:00] flutterwave/rave.NOTICE: Generating Reference Number.... [] []
[2022-09-07T20:49:06.221429+00:00] flutterwave/rave.NOTICE: Generated Reference Number....RV_631903c2360b1 [] []
[2022-09-07T20:49:06.221731+00:00] flutterwave/rave.NOTICE: Rave Class Initializes.... [] []
[2022-09-07T20:52:09.762610+00:00] flutterwave/rave.NOTICE: Generating Reference Number.... [] []
[2022-09-07T20:52:09.766982+00:00] flutterwave/rave.NOTICE: Generated Reference Number.... [] []
[2022-09-07T20:52:09.767390+00:00] flutterwave/rave.NOTICE: Rave Class Initializes.... [] []
[2022-09-07T20:52:09.770291+00:00] flutterwave/rave.NOTICE: Generating Checksum.... [] []
[2022-09-07T20:52:24.266038+00:00] flutterwave/rave.NOTICE: Generating Reference Number.... [] []
[2022-09-07T20:52:24.267145+00:00] flutterwave/rave.NOTICE: Generated Reference Number....RV_631904884136e [] []
[2022-09-07T20:52:24.267336+00:00] flutterwave/rave.NOTICE: Rave Class Initializes.... [] []
[2022-09-07T20:52:24.270325+00:00] flutterwave/rave.NOTICE: Payment was canceled by user..RV_631904884136e [] []
[2022-09-07T21:00:17.539201+00:00] flutterwave/rave.NOTICE: Generating Reference Number.... [] []
[2022-09-07T21:00:17.542591+00:00] flutterwave/rave.NOTICE: Generated Reference Number.... [] []
[2022-09-07T21:00:17.542803+00:00] flutterwave/rave.NOTICE: Rave Class Initializes.... [] []
[2022-09-07T21:00:17.545125+00:00] flutterwave/rave.NOTICE: Generating Checksum.... [] []
[2022-09-07T21:53:01.045071+00:00] flutterwave/rave.NOTICE: Generating Reference Number.... [] []
[2022-09-07T21:53:01.052481+00:00] flutterwave/rave.NOTICE: Generated Reference Number....RV_631912bd0c77b [] []
[2022-09-07T21:53:01.052750+00:00] flutterwave/rave.NOTICE: Rave Class Initializes.... [] []
[2022-09-07T21:53:01.055709+00:00] flutterwave/rave.NOTICE: Payment was canceled by user..RV_631912bd0c77b [] []
[2022-09-07T21:54:38.752137+00:00] flutterwave/rave.NOTICE: Generating Reference Number.... [] []
[2022-09-07T21:54:38.755957+00:00] flutterwave/rave.NOTICE: Generated Reference Number....RV_6319131eb88c8 [] []
[2022-09-07T21:54:38.756201+00:00] flutterwave/rave.NOTICE: Rave Class Initializes.... [] []
[2022-09-07T21:54:38.758165+00:00] flutterwave/rave.NOTICE: Generating Checksum.... [] []
[2022-09-07T21:57:07.455252+00:00] flutterwave/rave.NOTICE: Generating Reference Number.... [] []
[2022-09-07T21:57:07.459016+00:00] flutterwave/rave.NOTICE: Generated Reference Number....RV_631913b3700e4 [] []
[2022-09-07T21:57:07.459228+00:00] flutterwave/rave.NOTICE: Rave Class Initializes.... [] []
[2022-09-07T21:57:07.460694+00:00] flutterwave/rave.NOTICE: Generating Checksum.... [] []
[2022-09-07T22:00:11.784489+00:00] flutterwave/rave.NOTICE: Generating Reference Number.... [] []
[2022-09-07T22:00:11.785638+00:00] flutterwave/rave.NOTICE: Generated Reference Number....RV_6319146bbfcd2 [] []
[2022-09-07T22:00:11.785751+00:00] flutterwave/rave.NOTICE: Rave Class Initializes.... [] []
[2022-09-07T22:00:23.422689+00:00] flutterwave/rave.NOTICE: Generating Reference Number.... [] []
[2022-09-07T22:00:23.423791+00:00] flutterwave/rave.NOTICE: Generated Reference Number....RV_6319147767762 [] []
[2022-09-07T22:00:23.423889+00:00] flutterwave/rave.NOTICE: Rave Class Initializes.... [] []
[2022-09-07T22:01:53.333745+00:00] flutterwave/rave.NOTICE: Generating Reference Number.... [] []
[2022-09-07T22:01:53.336731+00:00] flutterwave/rave.NOTICE: Generated Reference Number....RV_631914d152323 [] []
[2022-09-07T22:01:53.337025+00:00] flutterwave/rave.NOTICE: Rave Class Initializes.... [] []
[2022-09-07T22:01:53.338717+00:00] flutterwave/rave.NOTICE: Generating Checksum.... [] []
[2022-09-07T22:03:05.227003+00:00] flutterwave/rave.NOTICE: Generating Reference Number.... [] []
[2022-09-07T22:03:05.228383+00:00] flutterwave/rave.NOTICE: Generated Reference Number....RV_6319151937bf6 [] []
[2022-09-07T22:03:05.228505+00:00] flutterwave/rave.NOTICE: Rave Class Initializes.... [] []
[2022-09-07T22:03:05.229900+00:00] flutterwave/rave.NOTICE: Payment completed. Now requerying payment. [] []
[2022-09-07T22:03:05.230222+00:00] flutterwave/rave.NOTICE: Requerying Transaction....3719109 [] []
[2022-09-07T22:08:42.936641+00:00] flutterwave/rave.NOTICE: Generating Reference Number.... [] []
[2022-09-07T22:08:42.941765+00:00] flutterwave/rave.NOTICE: Generated Reference Number....RV_6319166ae5e82 [] []
[2022-09-07T22:08:42.942262+00:00] flutterwave/rave.NOTICE: Rave Class Initializes.... [] []
[2022-09-07T22:08:42.944648+00:00] flutterwave/rave.NOTICE: Payment completed. Now requerying payment. [] []
[2022-09-07T22:08:42.945035+00:00] flutterwave/rave.NOTICE: Requerying Transaction....3719109 [] []
[2022-09-07T22:08:44.287172+00:00] flutterwave/rave.NOTICE: Requeryed a successful transaction....{"id":3719109,"tx_ref":"RV_631914d152323","flw_ref":"FLW-MOCK-271830c4632908c1a954763334705f24","device_fingerprint":"b65c99d6a7919a3b894cd1badbd9a4a4","amount":2000,"currency":"NGN","charged_amount":2000,"app_fee":28,"merchant_fee":0,"processor_response":"Approved. Successful","auth_model":"VBVSECURECODE","ip":"197.210.78.116","narration":"CARD Transaction ","status":"successful","payment_type":"card","created_at":"2022-09-07T22:02:49.000Z","account_id":1821808,"card":{"first_6digits":"553188","last_4digits":"2950","issuer":" CREDIT","country":"NIGERIA NG","type":"MASTERCARD","token":"flw-t1nf-bb68b2229713aaffc6e9ee130802fdc6-m03k","expiry":"09\/32"},"meta":{"__CheckoutInitAddress":"http:\/\/localhost\/gokolect_api\/web\/app\/payment\/payment.php"},"amount_settled":1972,"customer":{"id":1757714,"name":"Joseph Samuel","phone_number":"+2349036132322","email":"slickservlet@gmail.com","created_at":"2022-09-07T20:08:15.000Z"}} [] []
[2022-09-07T23:09:22.640594+00:00] flutterwave/rave.NOTICE: Generating Reference Number.... [] []
[2022-09-07T23:09:22.651899+00:00] flutterwave/rave.NOTICE: Generated Reference Number.... [] []
[2022-09-07T23:09:22.652032+00:00] flutterwave/rave.NOTICE: Rave Class Initializes.... [] []
[2022-09-07T23:09:22.658917+00:00] flutterwave/rave.NOTICE: Generating Checksum.... [] []
[2022-09-07T23:10:02.183068+00:00] flutterwave/rave.NOTICE: Generating Reference Number.... [] []
[2022-09-07T23:10:02.187005+00:00] flutterwave/rave.NOTICE: Generated Reference Number....RV_631924ca2da6d [] []
[2022-09-07T23:10:02.187132+00:00] flutterwave/rave.NOTICE: Rave Class Initializes.... [] []
[2022-09-07T23:10:02.187852+00:00] flutterwave/rave.NOTICE: Payment was canceled by user..RV_631924ca2da6d [] []
[2022-09-07T23:15:01.263767+00:00] flutterwave/rave.NOTICE: Generating Reference Number.... [] []
[2022-09-07T23:15:01.265309+00:00] flutterwave/rave.NOTICE: Generated Reference Number.... [] []
[2022-09-07T23:15:01.265458+00:00] flutterwave/rave.NOTICE: Rave Class Initializes.... [] []
[2022-09-07T23:15:01.266627+00:00] flutterwave/rave.NOTICE: Generating Checksum.... [] []
[2022-09-07T23:16:20.830726+00:00] flutterwave/rave.NOTICE: Generating Reference Number.... [] []
[2022-09-07T23:16:20.832023+00:00] flutterwave/rave.NOTICE: Generated Reference Number.... [] []
[2022-09-07T23:16:20.832128+00:00] flutterwave/rave.NOTICE: Rave Class Initializes.... [] []
[2022-09-07T23:16:20.832869+00:00] flutterwave/rave.NOTICE: Generating Checksum.... [] []
[2022-09-07T23:26:51.921141+00:00] flutterwave/rave.NOTICE: Generating Reference Number.... [] []
[2022-09-07T23:26:51.923422+00:00] flutterwave/rave.NOTICE: Generated Reference Number.... [] []
[2022-09-07T23:26:51.923538+00:00] flutterwave/rave.NOTICE: Rave Class Initializes.... [] []
[2022-09-07T23:26:51.925742+00:00] flutterwave/rave.NOTICE: Generating Checksum.... [] []
[2022-09-07T23:27:18.374551+00:00] flutterwave/rave.NOTICE: Generating Reference Number.... [] []
[2022-09-07T23:27:18.378129+00:00] flutterwave/rave.NOTICE: Generated Reference Number....RV_631928d65c4e2 [] []
[2022-09-07T23:27:18.378462+00:00] flutterwave/rave.NOTICE: Rave Class Initializes.... [] []
[2022-09-07T23:27:18.381617+00:00] flutterwave/rave.NOTICE: Payment was canceled by user..RV_631928d65c4e2 [] []
[2022-09-07T23:36:40.792100+00:00] flutterwave/rave.NOTICE: Generating Reference Number.... [] []
[2022-09-07T23:36:40.793819+00:00] flutterwave/rave.NOTICE: Generated Reference Number....RV_63192b08c1cc8 [] []
[2022-09-07T23:36:40.793913+00:00] flutterwave/rave.NOTICE: Rave Class Initializes.... [] []
